# JRE version: Java(TM) SE Runtime Environment (8.0_171-b11) (build 1.8.0_171-b11)
# Java VM: Java HotSpot(TM) 64-Bit Server VM (25.171-b11 mixed mode windows-amd64 compressed oops)
Heap:
 PSYoungGen      total 225280K, used 143708K [0x000000076b380000, 0x0000000779e80000, 0x00000007c0000000)
  eden space 211968K, 67% used [0x000000076b380000,0x0000000773fd72a0,0x0000000778280000)
  from space 13312K, 0% used [0x0000000779180000,0x0000000779180000,0x0000000779e80000)
  to   space 14336K, 0% used [0x0000000778280000,0x0000000778280000,0x0000000779080000)
 ParOldGen       total 158208K, used 22556K [0x00000006c1a00000, 0x00000006cb480000, 0x000000076b380000)
  object space 158208K, 14% used [0x00000006c1a00000,0x00000006c3007070,0x00000006cb480000)
 Metaspace       used 49395K, capacity 52588K, committed 52736K, reserved 1095680K
  class space    used 6630K, capacity 7335K, committed 7424K, reserved 1048576K
GC Heap History (10 events):
Event: 920.963 GC heap before
{Heap before GC invocations=30 (full 12):
 PSYoungGen      total 227328K, used 3777K [0x000000076b380000, 0x000000077a180000, 0x00000007c0000000)
  eden space 211968K, 0% used [0x000000076b380000,0x000000076b380000,0x0000000778280000)
  from space 15360K, 24% used [0x0000000779280000,0x00000007796305b0,0x000000077a180000)
  to   space 15872K, 0% used [0x0000000778280000,0x0000000778280000,0x0000000779200000)
 ParOldGen       total 158208K, used 21927K [0x00000006c1a00000, 0x00000006cb480000, 0x000000076b380000)
  object space 158208K, 13% used [0x00000006c1a00000,0x00000006c2f69e70,0x00000006cb480000)
 Metaspace       used 49013K, capacity 52030K, committed 52352K, reserved 1093632K
  class space    used 6584K, capacity 7215K, committed 7296K, reserved 1048576K
Event: 921.111 GC heap after
Heap after GC invocations=30 (full 12):
 PSYoungGen      total 227328K, used 0K [0x000000076b380000, 0x000000077a180000, 0x00000007c0000000)
  eden space 211968K, 0% used [0x000000076b380000,0x000000076b380000,0x0000000778280000)
  from space 15360K, 0% used [0x0000000779280000,0x0000000779280000,0x000000077a180000)
  to   space 15872K, 0% used [0x0000000778280000,0x0000000778280000,0x0000000779200000)
 ParOldGen       total 158208K, used 21945K [0x00000006c1a00000, 0x00000006cb480000, 0x000000076b380000)
  object space 158208K, 13% used [0x00000006c1a00000,0x00000006c2f6e5c0,0x00000006cb480000)
 Metaspace       used 49011K, capacity 52024K, committed 52352K, reserved 1093632K
  class space    used 6583K, capacity 7213K, committed 7296K, reserved 1048576K
}
Event: 1067.318 GC heap before
{Heap before GC invocations=31 (full 12):
 PSYoungGen      total 227328K, used 151407K [0x000000076b380000, 0x000000077a180000, 0x00000007c0000000)
  eden space 211968K, 71% used [0x000000076b380000,0x000000077475be58,0x0000000778280000)
  from space 15360K, 0% used [0x0000000779280000,0x0000000779280000,0x000000077a180000)
  to   space 15872K, 0% used [0x0000000778280000,0x0000000778280000,0x0000000779200000)
 ParOldGen       total 158208K, used 21945K [0x00000006c1a00000, 0x00000006cb480000, 0x000000076b380000)
  object space 158208K, 13% used [0x00000006c1a00000,0x00000006c2f6e5c0,0x00000006cb480000)
 Metaspace       used 49131K, capacity 52226K, committed 52352K, reserved 1093632K
  class space    used 6601K, capacity 7257K, committed 7296K, reserved 1048576K
Event: 1067.330 GC heap after
Heap after GC invocations=31 (full 12):
 PSYoungGen      total 216064K, used 3836K [0x000000076b380000, 0x000000077a080000, 0x00000007c0000000)
  eden space 211968K, 0% used [0x000000076b380000,0x000000076b380000,0x0000000778280000)
  from space 4096K, 93% used [0x0000000778280000,0x000000077863f2e0,0x0000000778680000)
  to   space 15360K, 0% used [0x0000000779180000,0x0000000779180000,0x000000077a080000)
 ParOldGen       total 158208K, used 21953K [0x00000006c1a00000, 0x00000006cb480000, 0x000000076b380000)
  object space 158208K, 13% used [0x00000006c1a00000,0x00000006c2f705c0,0x00000006cb480000)
 Metaspace       used 49131K, capacity 52226K, committed 52352K, reserved 1093632K
  class space    used 6601K, capacity 7257K, committed 7296K, reserved 1048576K
}
Event: 1067.330 GC heap before
{Heap before GC invocations=32 (full 13):
 PSYoungGen      total 216064K, used 3836K [0x000000076b380000, 0x000000077a080000, 0x00000007c0000000)
  eden space 211968K, 0% used [0x000000076b380000,0x000000076b380000,0x0000000778280000)
  from space 4096K, 93% used [0x0000000778280000,0x000000077863f2e0,0x0000000778680000)
  to   space 15360K, 0% used [0x0000000779180000,0x0000000779180000,0x000000077a080000)
 ParOldGen       total 158208K, used 21953K [0x00000006c1a00000, 0x00000006cb480000, 0x000000076b380000)
  object space 158208K, 13% used [0x00000006c1a00000,0x00000006c2f705c0,0x00000006cb480000)
 Metaspace       used 49131K, capacity 52226K, committed 52352K, reserved 1093632K
  class space    used 6601K, capacity 7257K, committed 7296K, reserved 1048576K
Event: 1067.558 GC heap after
Heap after GC invocations=32 (full 13):
 PSYoungGen      total 216064K, used 0K [0x000000076b380000, 0x000000077a080000, 0x00000007c0000000)
  eden space 211968K, 0% used [0x000000076b380000,0x000000076b380000,0x0000000778280000)
  from space 4096K, 0% used [0x0000000778280000,0x0000000778280000,0x0000000778680000)
  to   space 15360K, 0% used [0x0000000779180000,0x0000000779180000,0x000000077a080000)
 ParOldGen       total 158208K, used 22115K [0x00000006c1a00000, 0x00000006cb480000, 0x000000076b380000)
  object space 158208K, 13% used [0x00000006c1a00000,0x00000006c2f98d70,0x00000006cb480000)
 Metaspace       used 49128K, capacity 52220K, committed 52352K, reserved 1093632K
  class space    used 6600K, capacity 7255K, committed 7296K, reserved 1048576K
}
Event: 1085.781 GC heap before
{Heap before GC invocations=33 (full 13):
 PSYoungGen      total 216064K, used 144618K [0x000000076b380000, 0x000000077a080000, 0x00000007c0000000)
  eden space 211968K, 68% used [0x000000076b380000,0x00000007740ba898,0x0000000778280000)
  from space 4096K, 0% used [0x0000000778280000,0x0000000778280000,0x0000000778680000)
  to   space 15360K, 0% used [0x0000000779180000,0x0000000779180000,0x000000077a080000)
 ParOldGen       total 158208K, used 22115K [0x00000006c1a00000, 0x00000006cb480000, 0x000000076b380000)
  object space 158208K, 13% used [0x00000006c1a00000,0x00000006c2f98d70,0x00000006cb480000)
 Metaspace       used 49253K, capacity 52410K, committed 52736K, reserved 1095680K
  class space    used 6612K, capacity 7297K, committed 7424K, reserved 1048576K
Event: 1085.786 GC heap after
Heap after GC invocations=33 (full 13):
 PSYoungGen      total 225280K, used 4252K [0x000000076b380000, 0x0000000779e80000, 0x00000007c0000000)
  eden space 211968K, 0% used [0x000000076b380000,0x000000076b380000,0x0000000778280000)
  from space 13312K, 31% used [0x0000000779180000,0x00000007795a72e0,0x0000000779e80000)
  to   space 14336K, 0% used [0x0000000778280000,0x0000000778280000,0x0000000779080000)
 ParOldGen       total 158208K, used 22123K [0x00000006c1a00000, 0x00000006cb480000, 0x000000076b380000)
  object space 158208K, 13% used [0x00000006c1a00000,0x00000006c2f9ad70,0x00000006cb480000)
 Metaspace       used 49253K, capacity 52410K, committed 52736K, reserved 1095680K
  class space    used 6612K, capacity 7297K, committed 7424K, reserved 1048576K
}
Event: 1085.786 GC heap before
{Heap before GC invocations=34 (full 14):
 PSYoungGen      total 225280K, used 4252K [0x000000076b380000, 0x0000000779e80000, 0x00000007c0000000)
  eden space 211968K, 0% used [0x000000076b380000,0x000000076b380000,0x0000000778280000)
  from space 13312K, 31% used [0x0000000779180000,0x00000007795a72e0,0x0000000779e80000)
  to   space 14336K, 0% used [0x0000000778280000,0x0000000778280000,0x0000000779080000)
 ParOldGen       total 158208K, used 22123K [0x00000006c1a00000, 0x00000006cb480000, 0x000000076b380000)
  object space 158208K, 13% used [0x00000006c1a00000,0x00000006c2f9ad70,0x00000006cb480000)
 Metaspace       used 49253K, capacity 52410K, committed 52736K, reserved 1095680K
  class space    used 6612K, capacity 7297K, committed 7424K, reserved 1048576K
Event: 1085.916 GC heap after
Heap after GC invocations=34 (full 14):
 PSYoungGen      total 225280K, used 0K [0x000000076b380000, 0x0000000779e80000, 0x00000007c0000000)
  eden space 211968K, 0% used [0x000000076b380000,0x000000076b380000,0x0000000778280000)
  from space 13312K, 0% used [0x0000000779180000,0x0000000779180000,0x0000000779e80000)
  to   space 14336K, 0% used [0x0000000778280000,0x0000000778280000,0x0000000779080000)
 ParOldGen       total 158208K, used 22556K [0x00000006c1a00000, 0x00000006cb480000, 0x000000076b380000)
  object space 158208K, 14% used [0x00000006c1a00000,0x00000006c3007070,0x00000006cb480000)
 Metaspace       used 49251K, capacity 52404K, committed 52736K, reserved 1095680K
  class space    used 6612K, capacity 7295K, committed 7424K, reserved 1048576K
}

